\BOOKMARK [1][-]{section.1}{Introduction}{}% 1
\BOOKMARK [1][-]{section.2}{Markets}{}% 2
\BOOKMARK [2][-]{subsection.2.1}{Basic\040Markets}{section.2}% 3
\BOOKMARK [2][-]{subsection.2.2}{Managed\040Markets}{section.2}% 4
\BOOKMARK [1][-]{section.3}{Loan\040Procedure}{}% 5
\BOOKMARK [2][-]{subsection.3.1}{Rounds}{section.3}% 6
\BOOKMARK [2][-]{subsection.3.2}{Loan\040Intents}{section.3}% 7
\BOOKMARK [2][-]{subsection.3.3}{Pricing}{section.3}% 8
\BOOKMARK [1][-]{section.4}{Trust\040Protocol}{}% 9
\BOOKMARK [2][-]{subsection.4.1}{Trust\040Score}{section.4}% 10
\BOOKMARK [2][-]{subsection.4.2}{Social\040Verifiability}{section.4}% 11
\BOOKMARK [1][-]{section.5}{Loan\040Completion\040and\040Defaults}{}% 12
\BOOKMARK [1][-]{section.6}{Portfolios}{}% 13
\BOOKMARK [1][-]{section.7}{Derivative\040Markets\040Examples}{}% 14
\BOOKMARK [2][-]{subsection.7.1}{XOR\040Credit\040Default\040Swaps}{section.7}% 15
\BOOKMARK [2][-]{subsection.7.2}{XOR\040Collateral\040Debt\040Obligations}{section.7}% 16
\BOOKMARK [2][-]{subsection.7.3}{XOR\040Synthetic\040CDOs}{section.7}% 17
\BOOKMARK [2][-]{subsection.7.4}{Creation\040of\040Random\040Markets}{section.7}% 18
\BOOKMARK [1][-]{section.8}{Transparency\040and\040Accessibility}{}% 19
\BOOKMARK [1][-]{section.9}{Democracy\040and\040Social\040Impact}{}% 20
\BOOKMARK [1][-]{section.10}{Problems\040and\040Future\040Additions}{}% 21
